<?xml version="1.0" encoding="UTF-8"?>
<!-- Generated by org.testng.reporters.JUnitReportReporter -->
<testsuite hostname="DESKTOP-7D7SDGE" failures="1" tests="1" name="runner.CucumberRunner" time="34.711" errors="0" timestamp="2024-06-21T23:41:06 IST" skipped="0">
  <testcase classname="runner.CucumberRunner" name="runScenario" time="34.711">
    <failure message="expected [true] but found [false]" type="java.lang.AssertionError">
      <![CDATA[java.lang.AssertionError: expected [true] but found [false]
at org.testng.Assert.fail(Assert.java:99)
at org.testng.Assert.failNotEquals(Assert.java:1037)
at org.testng.Assert.assertTrue(Assert.java:45)
at org.testng.Assert.assertTrue(Assert.java:55)
at stepscreateWTG.WorkTypeGroup.verify_work_type_group_name(WorkTypeGroup.java:40)
at âœ½.Verify Work Type Group Name(file:///C:/Users/DELL/git/Salesforce/SalesForce/src/test/java/features/CreateWorkTypeGroup.feature:11)
]]>
    </failure>
  </testcase> <!-- runScenario -->
  <system-out/>
</testsuite> <!-- runner.CucumberRunner -->
